INFO - 2024-10-10 02:26:37 --> Session: Class initialized using 'CodeIgniter\Session\Handlers\FileHandler' driver.
CRITICAL - 2024-10-10 02:26:51 --> ErrorException: Undefined variable $pelanggan
[Method: GET, Route: pelanggan/edit/4]
in APPPATH\Views\edit-pelanggan.php on line 15.
 1 APPPATH\Views\edit-pelanggan.php(15): CodeIgniter\Debug\Exceptions->errorHandler(2, 'Undefined variable $pelanggan', 'C:\\laragon\\www\\clientwebservice\\app\\Views\\edit-pelanggan.php', 15)
 2 SYSTEMPATH\View\View.php(234): include('C:\\laragon\\www\\clientwebservice\\app\\Views\\edit-pelanggan.php')
 3 SYSTEMPATH\View\View.php(237): CodeIgniter\View\View->CodeIgniter\View\{closure}()
 4 SYSTEMPATH\Common.php(1171): CodeIgniter\View\View->render('edit-pelanggan', [], true)
 5 APPPATH\Controllers\Pelanggan.php(80): view('edit-pelanggan', [...])
 6 SYSTEMPATH\CodeIgniter.php(933): App\Controllers\Pelanggan->edit('4')
 7 SYSTEMPATH\CodeIgniter.php(509): CodeIgniter\CodeIgniter->runController(Object(App\Controllers\Pelanggan))
 8 SYSTEMPATH\CodeIgniter.php(355): CodeIgniter\CodeIgniter->handleRequest(null, Object(Config\Cache), false)
 9 SYSTEMPATH\Boot.php(325): CodeIgniter\CodeIgniter->run()
10 SYSTEMPATH\Boot.php(67): CodeIgniter\Boot::runCodeIgniter(Object(CodeIgniter\CodeIgniter))
11 FCPATH\index.php(56): CodeIgniter\Boot::bootWeb(Object(Config\Paths))
12 SYSTEMPATH\rewrite.php(44): require_once('C:\\laragon\\www\\clientwebservice\\public\\index.php')
CRITICAL - 2024-10-10 02:35:54 --> ErrorException: Undefined variable $pelanggan
[Method: GET, Route: pelanggan/edit/4]
in APPPATH\Views\edit-pelanggan.php on line 15.
 1 APPPATH\Views\edit-pelanggan.php(15): CodeIgniter\Debug\Exceptions->errorHandler(2, 'Undefined variable $pelanggan', 'C:\\laragon\\www\\clientwebservice\\app\\Views\\edit-pelanggan.php', 15)
 2 SYSTEMPATH\View\View.php(234): include('C:\\laragon\\www\\clientwebservice\\app\\Views\\edit-pelanggan.php')
 3 SYSTEMPATH\View\View.php(237): CodeIgniter\View\View->CodeIgniter\View\{closure}()
 4 SYSTEMPATH\Common.php(1171): CodeIgniter\View\View->render('edit-pelanggan', [], true)
 5 APPPATH\Controllers\Pelanggan.php(80): view('edit-pelanggan', [...])
 6 SYSTEMPATH\CodeIgniter.php(933): App\Controllers\Pelanggan->edit('4')
 7 SYSTEMPATH\CodeIgniter.php(509): CodeIgniter\CodeIgniter->runController(Object(App\Controllers\Pelanggan))
 8 SYSTEMPATH\CodeIgniter.php(355): CodeIgniter\CodeIgniter->handleRequest(null, Object(Config\Cache), false)
 9 SYSTEMPATH\Boot.php(325): CodeIgniter\CodeIgniter->run()
10 SYSTEMPATH\Boot.php(67): CodeIgniter\Boot::runCodeIgniter(Object(CodeIgniter\CodeIgniter))
11 FCPATH\index.php(56): CodeIgniter\Boot::bootWeb(Object(Config\Paths))
12 SYSTEMPATH\rewrite.php(44): require_once('C:\\laragon\\www\\clientwebservice\\public\\index.php')
INFO - 2024-10-10 02:40:37 --> Session: Class initialized using 'CodeIgniter\Session\Handlers\FileHandler' driver.
CRITICAL - 2024-10-10 02:40:43 --> ErrorException: Undefined variable $pelanggan
[Method: GET, Route: pelanggan/edit/4]
in APPPATH\Views\edit-pelanggan.php on line 15.
 1 APPPATH\Views\edit-pelanggan.php(15): CodeIgniter\Debug\Exceptions->errorHandler(2, 'Undefined variable $pelanggan', 'C:\\laragon\\www\\clientwebservice\\app\\Views\\edit-pelanggan.php', 15)
 2 SYSTEMPATH\View\View.php(234): include('C:\\laragon\\www\\clientwebservice\\app\\Views\\edit-pelanggan.php')
 3 SYSTEMPATH\View\View.php(237): CodeIgniter\View\View->CodeIgniter\View\{closure}()
 4 SYSTEMPATH\Common.php(1171): CodeIgniter\View\View->render('edit-pelanggan', [], true)
 5 APPPATH\Controllers\Pelanggan.php(80): view('edit-pelanggan', [...])
 6 SYSTEMPATH\CodeIgniter.php(933): App\Controllers\Pelanggan->edit('4')
 7 SYSTEMPATH\CodeIgniter.php(509): CodeIgniter\CodeIgniter->runController(Object(App\Controllers\Pelanggan))
 8 SYSTEMPATH\CodeIgniter.php(355): CodeIgniter\CodeIgniter->handleRequest(null, Object(Config\Cache), false)
 9 SYSTEMPATH\Boot.php(325): CodeIgniter\CodeIgniter->run()
10 SYSTEMPATH\Boot.php(67): CodeIgniter\Boot::runCodeIgniter(Object(CodeIgniter\CodeIgniter))
11 FCPATH\index.php(56): CodeIgniter\Boot::bootWeb(Object(Config\Paths))
12 SYSTEMPATH\rewrite.php(44): require_once('C:\\laragon\\www\\clientwebservice\\public\\index.php')
INFO - 2024-10-10 02:40:52 --> Session: Class initialized using 'CodeIgniter\Session\Handlers\FileHandler' driver.
CRITICAL - 2024-10-10 02:40:57 --> ErrorException: Undefined variable $pelanggan
[Method: GET, Route: pelanggan/edit/3]
in APPPATH\Views\edit-pelanggan.php on line 15.
 1 APPPATH\Views\edit-pelanggan.php(15): CodeIgniter\Debug\Exceptions->errorHandler(2, 'Undefined variable $pelanggan', 'C:\\laragon\\www\\clientwebservice\\app\\Views\\edit-pelanggan.php', 15)
 2 SYSTEMPATH\View\View.php(234): include('C:\\laragon\\www\\clientwebservice\\app\\Views\\edit-pelanggan.php')
 3 SYSTEMPATH\View\View.php(237): CodeIgniter\View\View->CodeIgniter\View\{closure}()
 4 SYSTEMPATH\Common.php(1171): CodeIgniter\View\View->render('edit-pelanggan', [], true)
 5 APPPATH\Controllers\Pelanggan.php(80): view('edit-pelanggan', [...])
 6 SYSTEMPATH\CodeIgniter.php(933): App\Controllers\Pelanggan->edit('3')
 7 SYSTEMPATH\CodeIgniter.php(509): CodeIgniter\CodeIgniter->runController(Object(App\Controllers\Pelanggan))
 8 SYSTEMPATH\CodeIgniter.php(355): CodeIgniter\CodeIgniter->handleRequest(null, Object(Config\Cache), false)
 9 SYSTEMPATH\Boot.php(325): CodeIgniter\CodeIgniter->run()
10 SYSTEMPATH\Boot.php(67): CodeIgniter\Boot::runCodeIgniter(Object(CodeIgniter\CodeIgniter))
11 FCPATH\index.php(56): CodeIgniter\Boot::bootWeb(Object(Config\Paths))
12 SYSTEMPATH\rewrite.php(44): require_once('C:\\laragon\\www\\clientwebservice\\public\\index.php')
CRITICAL - 2024-10-10 02:43:16 --> ErrorException: Undefined variable $pelanggan
[Method: GET, Route: pelanggan/edit/3]
in APPPATH\Views\edit-pelanggan.php on line 15.
 1 APPPATH\Views\edit-pelanggan.php(15): CodeIgniter\Debug\Exceptions->errorHandler(2, 'Undefined variable $pelanggan', 'C:\\laragon\\www\\clientwebservice\\app\\Views\\edit-pelanggan.php', 15)
 2 SYSTEMPATH\View\View.php(234): include('C:\\laragon\\www\\clientwebservice\\app\\Views\\edit-pelanggan.php')
 3 SYSTEMPATH\View\View.php(237): CodeIgniter\View\View->CodeIgniter\View\{closure}()
 4 SYSTEMPATH\Common.php(1171): CodeIgniter\View\View->render('edit-pelanggan', [], true)
 5 APPPATH\Controllers\Pelanggan.php(80): view('edit-pelanggan', [...])
 6 SYSTEMPATH\CodeIgniter.php(933): App\Controllers\Pelanggan->edit('3')
 7 SYSTEMPATH\CodeIgniter.php(509): CodeIgniter\CodeIgniter->runController(Object(App\Controllers\Pelanggan))
 8 SYSTEMPATH\CodeIgniter.php(355): CodeIgniter\CodeIgniter->handleRequest(null, Object(Config\Cache), false)
 9 SYSTEMPATH\Boot.php(325): CodeIgniter\CodeIgniter->run()
10 SYSTEMPATH\Boot.php(67): CodeIgniter\Boot::runCodeIgniter(Object(CodeIgniter\CodeIgniter))
11 FCPATH\index.php(56): CodeIgniter\Boot::bootWeb(Object(Config\Paths))
12 SYSTEMPATH\rewrite.php(44): require_once('C:\\laragon\\www\\clientwebservice\\public\\index.php')
INFO - 2024-10-10 02:43:34 --> Session: Class initialized using 'CodeIgniter\Session\Handlers\FileHandler' driver.
CRITICAL - 2024-10-10 02:44:31 --> ErrorException: Undefined variable $pelanggan
[Method: GET, Route: pelanggan/edit/3]
in APPPATH\Views\edit-pelanggan.php on line 15.
 1 APPPATH\Views\edit-pelanggan.php(15): CodeIgniter\Debug\Exceptions->errorHandler(2, 'Undefined variable $pelanggan', 'C:\\laragon\\www\\clientwebservice\\app\\Views\\edit-pelanggan.php', 15)
 2 SYSTEMPATH\View\View.php(234): include('C:\\laragon\\www\\clientwebservice\\app\\Views\\edit-pelanggan.php')
 3 SYSTEMPATH\View\View.php(237): CodeIgniter\View\View->CodeIgniter\View\{closure}()
 4 SYSTEMPATH\Common.php(1171): CodeIgniter\View\View->render('edit-pelanggan', [], true)
 5 APPPATH\Controllers\Pelanggan.php(80): view('edit-pelanggan', [...])
 6 SYSTEMPATH\CodeIgniter.php(933): App\Controllers\Pelanggan->edit('3')
 7 SYSTEMPATH\CodeIgniter.php(509): CodeIgniter\CodeIgniter->runController(Object(App\Controllers\Pelanggan))
 8 SYSTEMPATH\CodeIgniter.php(355): CodeIgniter\CodeIgniter->handleRequest(null, Object(Config\Cache), false)
 9 SYSTEMPATH\Boot.php(325): CodeIgniter\CodeIgniter->run()
10 SYSTEMPATH\Boot.php(67): CodeIgniter\Boot::runCodeIgniter(Object(CodeIgniter\CodeIgniter))
11 FCPATH\index.php(56): CodeIgniter\Boot::bootWeb(Object(Config\Paths))
12 SYSTEMPATH\rewrite.php(44): require_once('C:\\laragon\\www\\clientwebservice\\public\\index.php')
CRITICAL - 2024-10-10 02:48:00 --> ErrorException: Undefined variable $pelanggan
[Method: GET, Route: pelanggan/edit/4]
in APPPATH\Views\edit-pelanggan.php on line 15.
 1 APPPATH\Views\edit-pelanggan.php(15): CodeIgniter\Debug\Exceptions->errorHandler(2, 'Undefined variable $pelanggan', 'C:\\laragon\\www\\clientwebservice\\app\\Views\\edit-pelanggan.php', 15)
 2 SYSTEMPATH\View\View.php(234): include('C:\\laragon\\www\\clientwebservice\\app\\Views\\edit-pelanggan.php')
 3 SYSTEMPATH\View\View.php(237): CodeIgniter\View\View->CodeIgniter\View\{closure}()
 4 SYSTEMPATH\Common.php(1171): CodeIgniter\View\View->render('edit-pelanggan', [], true)
 5 APPPATH\Controllers\Pelanggan.php(80): view('edit-pelanggan', [...])
 6 SYSTEMPATH\CodeIgniter.php(933): App\Controllers\Pelanggan->edit('4')
 7 SYSTEMPATH\CodeIgniter.php(509): CodeIgniter\CodeIgniter->runController(Object(App\Controllers\Pelanggan))
 8 SYSTEMPATH\CodeIgniter.php(355): CodeIgniter\CodeIgniter->handleRequest(null, Object(Config\Cache), false)
 9 SYSTEMPATH\Boot.php(325): CodeIgniter\CodeIgniter->run()
10 SYSTEMPATH\Boot.php(67): CodeIgniter\Boot::runCodeIgniter(Object(CodeIgniter\CodeIgniter))
11 FCPATH\index.php(56): CodeIgniter\Boot::bootWeb(Object(Config\Paths))
12 SYSTEMPATH\rewrite.php(44): require_once('C:\\laragon\\www\\clientwebservice\\public\\index.php')
CRITICAL - 2024-10-10 02:48:15 --> ErrorException: Undefined array key "nama"
[Method: GET, Route: pelanggan/edit/1]
in APPPATH\Views\edit-pelanggan.php on line 19.
 1 APPPATH\Views\edit-pelanggan.php(19): CodeIgniter\Debug\Exceptions->errorHandler(2, 'Undefined array key "nama"', 'C:\\laragon\\www\\clientwebservice\\app\\Views\\edit-pelanggan.php', 19)
 2 SYSTEMPATH\View\View.php(234): include('C:\\laragon\\www\\clientwebservice\\app\\Views\\edit-pelanggan.php')
 3 SYSTEMPATH\View\View.php(237): CodeIgniter\View\View->CodeIgniter\View\{closure}()
 4 SYSTEMPATH\Common.php(1171): CodeIgniter\View\View->render('edit-pelanggan', [], true)
 5 APPPATH\Controllers\Pelanggan.php(80): view('edit-pelanggan', [...])
 6 SYSTEMPATH\CodeIgniter.php(933): App\Controllers\Pelanggan->edit('1')
 7 SYSTEMPATH\CodeIgniter.php(509): CodeIgniter\CodeIgniter->runController(Object(App\Controllers\Pelanggan))
 8 SYSTEMPATH\CodeIgniter.php(355): CodeIgniter\CodeIgniter->handleRequest(null, Object(Config\Cache), false)
 9 SYSTEMPATH\Boot.php(325): CodeIgniter\CodeIgniter->run()
10 SYSTEMPATH\Boot.php(67): CodeIgniter\Boot::runCodeIgniter(Object(CodeIgniter\CodeIgniter))
11 FCPATH\index.php(56): CodeIgniter\Boot::bootWeb(Object(Config\Paths))
12 SYSTEMPATH\rewrite.php(44): require_once('C:\\laragon\\www\\clientwebservice\\public\\index.php')
INFO - 2024-10-10 02:49:53 --> Session: Class initialized using 'CodeIgniter\Session\Handlers\FileHandler' driver.
INFO - 2024-10-10 02:50:20 --> Session: Class initialized using 'CodeIgniter\Session\Handlers\FileHandler' driver.
INFO - 2024-10-10 02:51:32 --> Session: Class initialized using 'CodeIgniter\Session\Handlers\FileHandler' driver.
INFO - 2024-10-10 02:52:14 --> Session: Class initialized using 'CodeIgniter\Session\Handlers\FileHandler' driver.
INFO - 2024-10-10 02:52:40 --> Session: Class initialized using 'CodeIgniter\Session\Handlers\FileHandler' driver.
<<<<<<< HEAD
CRITICAL - 2024-10-10 03:00:34 --> ErrorException: Undefined variable $user
[Method: GET, Route: user]
in APPPATH\Views\tampil-user.php on line 35.
 1 APPPATH\Views\tampil-user.php(35): CodeIgniter\Debug\Exceptions->errorHandler(2, 'Undefined variable $user', 'C:\\laragon\\www\\clientwebservice\\app\\Views\\tampil-user.php', 35)
 2 SYSTEMPATH\View\View.php(234): include('C:\\laragon\\www\\clientwebservice\\app\\Views\\tampil-user.php')
 3 SYSTEMPATH\View\View.php(237): CodeIgniter\View\View->CodeIgniter\View\{closure}()
 4 SYSTEMPATH\Common.php(1171): CodeIgniter\View\View->render('tampil-user', [], true)
 5 APPPATH\Controllers\User.php(20): view('tampil-user', [...])
 6 SYSTEMPATH\CodeIgniter.php(933): App\Controllers\user->index()
 7 SYSTEMPATH\CodeIgniter.php(509): CodeIgniter\CodeIgniter->runController(Object(App\Controllers\user))
 8 SYSTEMPATH\CodeIgniter.php(355): CodeIgniter\CodeIgniter->handleRequest(null, Object(Config\Cache), false)
 9 SYSTEMPATH\Boot.php(325): CodeIgniter\CodeIgniter->run()
10 SYSTEMPATH\Boot.php(67): CodeIgniter\Boot::runCodeIgniter(Object(CodeIgniter\CodeIgniter))
11 FCPATH\index.php(56): CodeIgniter\Boot::bootWeb(Object(Config\Paths))
12 SYSTEMPATH\rewrite.php(44): require_once('C:\\laragon\\www\\clientwebservice\\public\\index.php')
CRITICAL - 2024-10-10 03:02:40 --> ErrorException: Undefined variable $users
[Method: GET, Route: user]
in APPPATH\Views\tampil-user.php on line 35.
 1 APPPATH\Views\tampil-user.php(35): CodeIgniter\Debug\Exceptions->errorHandler(2, 'Undefined variable $users', 'C:\\laragon\\www\\clientwebservice\\app\\Views\\tampil-user.php', 35)
 2 SYSTEMPATH\View\View.php(234): include('C:\\laragon\\www\\clientwebservice\\app\\Views\\tampil-user.php')
 3 SYSTEMPATH\View\View.php(237): CodeIgniter\View\View->CodeIgniter\View\{closure}()
 4 SYSTEMPATH\Common.php(1171): CodeIgniter\View\View->render('tampil-user', [], true)
 5 APPPATH\Controllers\User.php(20): view('tampil-user', [...])
 6 SYSTEMPATH\CodeIgniter.php(933): App\Controllers\user->index()
 7 SYSTEMPATH\CodeIgniter.php(509): CodeIgniter\CodeIgniter->runController(Object(App\Controllers\user))
 8 SYSTEMPATH\CodeIgniter.php(355): CodeIgniter\CodeIgniter->handleRequest(null, Object(Config\Cache), false)
 9 SYSTEMPATH\Boot.php(325): CodeIgniter\CodeIgniter->run()
10 SYSTEMPATH\Boot.php(67): CodeIgniter\Boot::runCodeIgniter(Object(CodeIgniter\CodeIgniter))
11 FCPATH\index.php(56): CodeIgniter\Boot::bootWeb(Object(Config\Paths))
12 SYSTEMPATH\rewrite.php(44): require_once('C:\\laragon\\www\\clientwebservice\\public\\index.php')
CRITICAL - 2024-10-10 03:04:08 --> ErrorException: Undefined variable $users
[Method: GET, Route: user]
in APPPATH\Views\tampil-user.php on line 35.
 1 APPPATH\Views\tampil-user.php(35): CodeIgniter\Debug\Exceptions->errorHandler(2, 'Undefined variable $users', 'C:\\laragon\\www\\clientwebservice\\app\\Views\\tampil-user.php', 35)
 2 SYSTEMPATH\View\View.php(234): include('C:\\laragon\\www\\clientwebservice\\app\\Views\\tampil-user.php')
 3 SYSTEMPATH\View\View.php(237): CodeIgniter\View\View->CodeIgniter\View\{closure}()
 4 SYSTEMPATH\Common.php(1171): CodeIgniter\View\View->render('tampil-user', [], true)
 5 APPPATH\Controllers\User.php(20): view('tampil-user', [...])
 6 SYSTEMPATH\CodeIgniter.php(933): App\Controllers\user->index()
 7 SYSTEMPATH\CodeIgniter.php(509): CodeIgniter\CodeIgniter->runController(Object(App\Controllers\user))
 8 SYSTEMPATH\CodeIgniter.php(355): CodeIgniter\CodeIgniter->handleRequest(null, Object(Config\Cache), false)
 9 SYSTEMPATH\Boot.php(325): CodeIgniter\CodeIgniter->run()
10 SYSTEMPATH\Boot.php(67): CodeIgniter\Boot::runCodeIgniter(Object(CodeIgniter\CodeIgniter))
11 FCPATH\index.php(56): CodeIgniter\Boot::bootWeb(Object(Config\Paths))
12 SYSTEMPATH\rewrite.php(44): require_once('C:\\laragon\\www\\clientwebservice\\public\\index.php')
CRITICAL - 2024-10-10 03:08:55 --> ErrorException: Undefined variable $user
[Method: GET, Route: user]
in APPPATH\Views\tampil-user.php on line 35.
 1 APPPATH\Views\tampil-user.php(35): CodeIgniter\Debug\Exceptions->errorHandler(2, 'Undefined variable $user', 'C:\\laragon\\www\\clientwebservice\\app\\Views\\tampil-user.php', 35)
 2 SYSTEMPATH\View\View.php(234): include('C:\\laragon\\www\\clientwebservice\\app\\Views\\tampil-user.php')
 3 SYSTEMPATH\View\View.php(237): CodeIgniter\View\View->CodeIgniter\View\{closure}()
 4 SYSTEMPATH\Common.php(1171): CodeIgniter\View\View->render('tampil-user', [], true)
 5 APPPATH\Controllers\User.php(20): view('tampil-user', [...])
 6 SYSTEMPATH\CodeIgniter.php(933): App\Controllers\user->index()
 7 SYSTEMPATH\CodeIgniter.php(509): CodeIgniter\CodeIgniter->runController(Object(App\Controllers\user))
 8 SYSTEMPATH\CodeIgniter.php(355): CodeIgniter\CodeIgniter->handleRequest(null, Object(Config\Cache), false)
 9 SYSTEMPATH\Boot.php(325): CodeIgniter\CodeIgniter->run()
10 SYSTEMPATH\Boot.php(67): CodeIgniter\Boot::runCodeIgniter(Object(CodeIgniter\CodeIgniter))
11 FCPATH\index.php(56): CodeIgniter\Boot::bootWeb(Object(Config\Paths))
12 SYSTEMPATH\rewrite.php(44): require_once('C:\\laragon\\www\\clientwebservice\\public\\index.php')
CRITICAL - 2024-10-10 03:12:01 --> ErrorException: Undefined variable $users
[Method: GET, Route: user]
in APPPATH\Views\tampil-user.php on line 35.
 1 APPPATH\Views\tampil-user.php(35): CodeIgniter\Debug\Exceptions->errorHandler(2, 'Undefined variable $users', 'C:\\laragon\\www\\clientwebservice\\app\\Views\\tampil-user.php', 35)
 2 SYSTEMPATH\View\View.php(234): include('C:\\laragon\\www\\clientwebservice\\app\\Views\\tampil-user.php')
 3 SYSTEMPATH\View\View.php(237): CodeIgniter\View\View->CodeIgniter\View\{closure}()
 4 SYSTEMPATH\Common.php(1171): CodeIgniter\View\View->render('tampil-user', [], true)
 5 APPPATH\Controllers\User.php(20): view('tampil-user', [...])
 6 SYSTEMPATH\CodeIgniter.php(933): App\Controllers\user->index()
 7 SYSTEMPATH\CodeIgniter.php(509): CodeIgniter\CodeIgniter->runController(Object(App\Controllers\user))
 8 SYSTEMPATH\CodeIgniter.php(355): CodeIgniter\CodeIgniter->handleRequest(null, Object(Config\Cache), false)
 9 SYSTEMPATH\Boot.php(325): CodeIgniter\CodeIgniter->run()
10 SYSTEMPATH\Boot.php(67): CodeIgniter\Boot::runCodeIgniter(Object(CodeIgniter\CodeIgniter))
11 FCPATH\index.php(56): CodeIgniter\Boot::bootWeb(Object(Config\Paths))
12 SYSTEMPATH\rewrite.php(44): require_once('C:\\laragon\\www\\clientwebservice\\public\\index.php')
CRITICAL - 2024-10-10 03:15:46 --> ErrorException: Undefined variable $users
[Method: GET, Route: user]
in APPPATH\Views\tampil-user.php on line 35.
 1 APPPATH\Views\tampil-user.php(35): CodeIgniter\Debug\Exceptions->errorHandler(2, 'Undefined variable $users', 'C:\\laragon\\www\\clientwebservice\\app\\Views\\tampil-user.php', 35)
 2 SYSTEMPATH\View\View.php(234): include('C:\\laragon\\www\\clientwebservice\\app\\Views\\tampil-user.php')
 3 SYSTEMPATH\View\View.php(237): CodeIgniter\View\View->CodeIgniter\View\{closure}()
 4 SYSTEMPATH\Common.php(1171): CodeIgniter\View\View->render('tampil-user', [], true)
 5 APPPATH\Controllers\User.php(20): view('tampil-user', [...])
 6 SYSTEMPATH\CodeIgniter.php(933): App\Controllers\user->index()
 7 SYSTEMPATH\CodeIgniter.php(509): CodeIgniter\CodeIgniter->runController(Object(App\Controllers\user))
 8 SYSTEMPATH\CodeIgniter.php(355): CodeIgniter\CodeIgniter->handleRequest(null, Object(Config\Cache), false)
 9 SYSTEMPATH\Boot.php(325): CodeIgniter\CodeIgniter->run()
10 SYSTEMPATH\Boot.php(67): CodeIgniter\Boot::runCodeIgniter(Object(CodeIgniter\CodeIgniter))
11 FCPATH\index.php(56): CodeIgniter\Boot::bootWeb(Object(Config\Paths))
12 SYSTEMPATH\rewrite.php(44): require_once('C:\\laragon\\www\\clientwebservice\\public\\index.php')
CRITICAL - 2024-10-10 03:16:09 --> ErrorException: Undefined variable $users
[Method: GET, Route: user]
in APPPATH\Views\tampil-user.php on line 35.
 1 APPPATH\Views\tampil-user.php(35): CodeIgniter\Debug\Exceptions->errorHandler(2, 'Undefined variable $users', 'C:\\laragon\\www\\clientwebservice\\app\\Views\\tampil-user.php', 35)
 2 SYSTEMPATH\View\View.php(234): include('C:\\laragon\\www\\clientwebservice\\app\\Views\\tampil-user.php')
 3 SYSTEMPATH\View\View.php(237): CodeIgniter\View\View->CodeIgniter\View\{closure}()
 4 SYSTEMPATH\Common.php(1171): CodeIgniter\View\View->render('tampil-user', [], true)
 5 APPPATH\Controllers\User.php(20): view('tampil-user', [...])
 6 SYSTEMPATH\CodeIgniter.php(933): App\Controllers\user->index()
 7 SYSTEMPATH\CodeIgniter.php(509): CodeIgniter\CodeIgniter->runController(Object(App\Controllers\user))
 8 SYSTEMPATH\CodeIgniter.php(355): CodeIgniter\CodeIgniter->handleRequest(null, Object(Config\Cache), false)
 9 SYSTEMPATH\Boot.php(325): CodeIgniter\CodeIgniter->run()
10 SYSTEMPATH\Boot.php(67): CodeIgniter\Boot::runCodeIgniter(Object(CodeIgniter\CodeIgniter))
11 FCPATH\index.php(56): CodeIgniter\Boot::bootWeb(Object(Config\Paths))
12 SYSTEMPATH\rewrite.php(44): require_once('C:\\laragon\\www\\clientwebservice\\public\\index.php')
CRITICAL - 2024-10-10 03:16:42 --> ErrorException: Undefined variable $users
[Method: GET, Route: user]
in APPPATH\Views\tampil-user.php on line 35.
 1 APPPATH\Views\tampil-user.php(35): CodeIgniter\Debug\Exceptions->errorHandler(2, 'Undefined variable $users', 'C:\\laragon\\www\\clientwebservice\\app\\Views\\tampil-user.php', 35)
 2 SYSTEMPATH\View\View.php(234): include('C:\\laragon\\www\\clientwebservice\\app\\Views\\tampil-user.php')
 3 SYSTEMPATH\View\View.php(237): CodeIgniter\View\View->CodeIgniter\View\{closure}()
 4 SYSTEMPATH\Common.php(1171): CodeIgniter\View\View->render('tampil-user', [], true)
 5 APPPATH\Controllers\User.php(20): view('tampil-user', [...])
 6 SYSTEMPATH\CodeIgniter.php(933): App\Controllers\user->index()
 7 SYSTEMPATH\CodeIgniter.php(509): CodeIgniter\CodeIgniter->runController(Object(App\Controllers\user))
 8 SYSTEMPATH\CodeIgniter.php(355): CodeIgniter\CodeIgniter->handleRequest(null, Object(Config\Cache), false)
 9 SYSTEMPATH\Boot.php(325): CodeIgniter\CodeIgniter->run()
10 SYSTEMPATH\Boot.php(67): CodeIgniter\Boot::runCodeIgniter(Object(CodeIgniter\CodeIgniter))
11 FCPATH\index.php(56): CodeIgniter\Boot::bootWeb(Object(Config\Paths))
12 SYSTEMPATH\rewrite.php(44): require_once('C:\\laragon\\www\\clientwebservice\\public\\index.php')
CRITICAL - 2024-10-10 03:18:12 --> ErrorException: Undefined variable $users
[Method: GET, Route: user]
in APPPATH\Views\tampil-user.php on line 35.
 1 APPPATH\Views\tampil-user.php(35): CodeIgniter\Debug\Exceptions->errorHandler(2, 'Undefined variable $users', 'C:\\laragon\\www\\clientwebservice\\app\\Views\\tampil-user.php', 35)
 2 SYSTEMPATH\View\View.php(234): include('C:\\laragon\\www\\clientwebservice\\app\\Views\\tampil-user.php')
 3 SYSTEMPATH\View\View.php(237): CodeIgniter\View\View->CodeIgniter\View\{closure}()
 4 SYSTEMPATH\Common.php(1171): CodeIgniter\View\View->render('tampil-user', [], true)
 5 APPPATH\Controllers\User.php(20): view('tampil-user', [...])
 6 SYSTEMPATH\CodeIgniter.php(933): App\Controllers\user->index()
 7 SYSTEMPATH\CodeIgniter.php(509): CodeIgniter\CodeIgniter->runController(Object(App\Controllers\user))
 8 SYSTEMPATH\CodeIgniter.php(355): CodeIgniter\CodeIgniter->handleRequest(null, Object(Config\Cache), false)
 9 SYSTEMPATH\Boot.php(325): CodeIgniter\CodeIgniter->run()
10 SYSTEMPATH\Boot.php(67): CodeIgniter\Boot::runCodeIgniter(Object(CodeIgniter\CodeIgniter))
11 FCPATH\index.php(56): CodeIgniter\Boot::bootWeb(Object(Config\Paths))
12 SYSTEMPATH\rewrite.php(44): require_once('C:\\laragon\\www\\clientwebservice\\public\\index.php')
CRITICAL - 2024-10-10 03:20:05 --> ErrorException: Undefined variable $users
[Method: GET, Route: user]
in APPPATH\Views\tampil-user.php on line 35.
 1 APPPATH\Views\tampil-user.php(35): CodeIgniter\Debug\Exceptions->errorHandler(2, 'Undefined variable $users', 'C:\\laragon\\www\\clientwebservice\\app\\Views\\tampil-user.php', 35)
 2 SYSTEMPATH\View\View.php(234): include('C:\\laragon\\www\\clientwebservice\\app\\Views\\tampil-user.php')
 3 SYSTEMPATH\View\View.php(237): CodeIgniter\View\View->CodeIgniter\View\{closure}()
 4 SYSTEMPATH\Common.php(1171): CodeIgniter\View\View->render('tampil-user', [], true)
 5 APPPATH\Controllers\User.php(20): view('tampil-user', [...])
 6 SYSTEMPATH\CodeIgniter.php(933): App\Controllers\user->index()
 7 SYSTEMPATH\CodeIgniter.php(509): CodeIgniter\CodeIgniter->runController(Object(App\Controllers\user))
 8 SYSTEMPATH\CodeIgniter.php(355): CodeIgniter\CodeIgniter->handleRequest(null, Object(Config\Cache), false)
 9 SYSTEMPATH\Boot.php(325): CodeIgniter\CodeIgniter->run()
10 SYSTEMPATH\Boot.php(67): CodeIgniter\Boot::runCodeIgniter(Object(CodeIgniter\CodeIgniter))
11 FCPATH\index.php(56): CodeIgniter\Boot::bootWeb(Object(Config\Paths))
12 SYSTEMPATH\rewrite.php(44): require_once('C:\\laragon\\www\\clientwebservice\\public\\index.php')
=======
INFO - 2024-10-10 03:39:45 --> Session: Class initialized using 'CodeIgniter\Session\Handlers\FileHandler' driver.
>>>>>>> 72aab0366da45c43362d91aba3f95244553450e0
CRITICAL - 2024-10-10 04:16:53 --> ErrorException: Undefined variable $users
[Method: GET, Route: users/edit/2]
in APPPATH\Views\edit-users.php on line 15.
 1 APPPATH\Views\edit-users.php(15): CodeIgniter\Debug\Exceptions->errorHandler(2, 'Undefined variable $users', 'C:\\laragon\\www\\clientwebservice\\app\\Views\\edit-users.php', 15)
 2 SYSTEMPATH\View\View.php(234): include('C:\\laragon\\www\\clientwebservice\\app\\Views\\edit-users.php')
 3 SYSTEMPATH\View\View.php(237): CodeIgniter\View\View->CodeIgniter\View\{closure}()
 4 SYSTEMPATH\Common.php(1171): CodeIgniter\View\View->render('edit-users', [], true)
 5 APPPATH\Controllers\Users.php(81): view('edit-users', [...])
 6 SYSTEMPATH\CodeIgniter.php(933): App\Controllers\Users->edit('2')
 7 SYSTEMPATH\CodeIgniter.php(509): CodeIgniter\CodeIgniter->runController(Object(App\Controllers\Users))
 8 SYSTEMPATH\CodeIgniter.php(355): CodeIgniter\CodeIgniter->handleRequest(null, Object(Config\Cache), false)
 9 SYSTEMPATH\Boot.php(325): CodeIgniter\CodeIgniter->run()
10 SYSTEMPATH\Boot.php(67): CodeIgniter\Boot::runCodeIgniter(Object(CodeIgniter\CodeIgniter))
11 FCPATH\index.php(56): CodeIgniter\Boot::bootWeb(Object(Config\Paths))
12 SYSTEMPATH\rewrite.php(44): require_once('C:\\laragon\\www\\clientwebservice\\public\\index.php')
CRITICAL - 2024-10-10 04:17:24 --> ErrorException: Undefined variable $users
[Method: GET, Route: users/edit/1]
in APPPATH\Views\edit-users.php on line 15.
 1 APPPATH\Views\edit-users.php(15): CodeIgniter\Debug\Exceptions->errorHandler(2, 'Undefined variable $users', 'C:\\laragon\\www\\clientwebservice\\app\\Views\\edit-users.php', 15)
 2 SYSTEMPATH\View\View.php(234): include('C:\\laragon\\www\\clientwebservice\\app\\Views\\edit-users.php')
 3 SYSTEMPATH\View\View.php(237): CodeIgniter\View\View->CodeIgniter\View\{closure}()
 4 SYSTEMPATH\Common.php(1171): CodeIgniter\View\View->render('edit-users', [], true)
 5 APPPATH\Controllers\Users.php(81): view('edit-users', [...])
 6 SYSTEMPATH\CodeIgniter.php(933): App\Controllers\Users->edit('1')
 7 SYSTEMPATH\CodeIgniter.php(509): CodeIgniter\CodeIgniter->runController(Object(App\Controllers\Users))
 8 SYSTEMPATH\CodeIgniter.php(355): CodeIgniter\CodeIgniter->handleRequest(null, Object(Config\Cache), false)
 9 SYSTEMPATH\Boot.php(325): CodeIgniter\CodeIgniter->run()
10 SYSTEMPATH\Boot.php(67): CodeIgniter\Boot::runCodeIgniter(Object(CodeIgniter\CodeIgniter))
11 FCPATH\index.php(56): CodeIgniter\Boot::bootWeb(Object(Config\Paths))
12 SYSTEMPATH\rewrite.php(44): require_once('C:\\laragon\\www\\clientwebservice\\public\\index.php')
CRITICAL - 2024-10-10 04:35:36 --> ErrorException: Undefined variable $users
[Method: GET, Route: users/edit/1]
in APPPATH\Views\edit-users.php on line 15.
 1 APPPATH\Views\edit-users.php(15): CodeIgniter\Debug\Exceptions->errorHandler(2, 'Undefined variable $users', 'C:\\laragon\\www\\clientwebservice\\app\\Views\\edit-users.php', 15)
 2 SYSTEMPATH\View\View.php(234): include('C:\\laragon\\www\\clientwebservice\\app\\Views\\edit-users.php')
 3 SYSTEMPATH\View\View.php(237): CodeIgniter\View\View->CodeIgniter\View\{closure}()
 4 SYSTEMPATH\Common.php(1171): CodeIgniter\View\View->render('edit-users', [], true)
 5 APPPATH\Controllers\Users.php(81): view('edit-users', [...])
 6 SYSTEMPATH\CodeIgniter.php(933): App\Controllers\Users->edit('1')
 7 SYSTEMPATH\CodeIgniter.php(509): CodeIgniter\CodeIgniter->runController(Object(App\Controllers\Users))
 8 SYSTEMPATH\CodeIgniter.php(355): CodeIgniter\CodeIgniter->handleRequest(null, Object(Config\Cache), false)
 9 SYSTEMPATH\Boot.php(325): CodeIgniter\CodeIgniter->run()
10 SYSTEMPATH\Boot.php(67): CodeIgniter\Boot::runCodeIgniter(Object(CodeIgniter\CodeIgniter))
11 FCPATH\index.php(56): CodeIgniter\Boot::bootWeb(Object(Config\Paths))
12 SYSTEMPATH\rewrite.php(44): require_once('C:\\laragon\\www\\clientwebservice\\public\\index.php')
CRITICAL - 2024-10-10 04:35:40 --> ErrorException: Undefined variable $users
[Method: GET, Route: users/edit/1]
in APPPATH\Views\edit-users.php on line 15.
 1 APPPATH\Views\edit-users.php(15): CodeIgniter\Debug\Exceptions->errorHandler(2, 'Undefined variable $users', 'C:\\laragon\\www\\clientwebservice\\app\\Views\\edit-users.php', 15)
 2 SYSTEMPATH\View\View.php(234): include('C:\\laragon\\www\\clientwebservice\\app\\Views\\edit-users.php')
 3 SYSTEMPATH\View\View.php(237): CodeIgniter\View\View->CodeIgniter\View\{closure}()
 4 SYSTEMPATH\Common.php(1171): CodeIgniter\View\View->render('edit-users', [], true)
 5 APPPATH\Controllers\Users.php(81): view('edit-users', [...])
 6 SYSTEMPATH\CodeIgniter.php(933): App\Controllers\Users->edit('1')
 7 SYSTEMPATH\CodeIgniter.php(509): CodeIgniter\CodeIgniter->runController(Object(App\Controllers\Users))
 8 SYSTEMPATH\CodeIgniter.php(355): CodeIgniter\CodeIgniter->handleRequest(null, Object(Config\Cache), false)
 9 SYSTEMPATH\Boot.php(325): CodeIgniter\CodeIgniter->run()
10 SYSTEMPATH\Boot.php(67): CodeIgniter\Boot::runCodeIgniter(Object(CodeIgniter\CodeIgniter))
11 FCPATH\index.php(56): CodeIgniter\Boot::bootWeb(Object(Config\Paths))
12 SYSTEMPATH\rewrite.php(44): require_once('C:\\laragon\\www\\clientwebservice\\public\\index.php')
CRITICAL - 2024-10-10 04:35:41 --> ErrorException: Undefined variable $users
[Method: GET, Route: users/edit/1]
in APPPATH\Views\edit-users.php on line 15.
 1 APPPATH\Views\edit-users.php(15): CodeIgniter\Debug\Exceptions->errorHandler(2, 'Undefined variable $users', 'C:\\laragon\\www\\clientwebservice\\app\\Views\\edit-users.php', 15)
 2 SYSTEMPATH\View\View.php(234): include('C:\\laragon\\www\\clientwebservice\\app\\Views\\edit-users.php')
 3 SYSTEMPATH\View\View.php(237): CodeIgniter\View\View->CodeIgniter\View\{closure}()
 4 SYSTEMPATH\Common.php(1171): CodeIgniter\View\View->render('edit-users', [], true)
 5 APPPATH\Controllers\Users.php(81): view('edit-users', [...])
 6 SYSTEMPATH\CodeIgniter.php(933): App\Controllers\Users->edit('1')
 7 SYSTEMPATH\CodeIgniter.php(509): CodeIgniter\CodeIgniter->runController(Object(App\Controllers\Users))
 8 SYSTEMPATH\CodeIgniter.php(355): CodeIgniter\CodeIgniter->handleRequest(null, Object(Config\Cache), false)
 9 SYSTEMPATH\Boot.php(325): CodeIgniter\CodeIgniter->run()
10 SYSTEMPATH\Boot.php(67): CodeIgniter\Boot::runCodeIgniter(Object(CodeIgniter\CodeIgniter))
11 FCPATH\index.php(56): CodeIgniter\Boot::bootWeb(Object(Config\Paths))
12 SYSTEMPATH\rewrite.php(44): require_once('C:\\laragon\\www\\clientwebservice\\public\\index.php')
CRITICAL - 2024-10-10 04:36:04 --> ErrorException: Undefined variable $users
[Method: GET, Route: users/edit/1]
in APPPATH\Views\edit-users.php on line 15.
 1 APPPATH\Views\edit-users.php(15): CodeIgniter\Debug\Exceptions->errorHandler(2, 'Undefined variable $users', 'C:\\laragon\\www\\clientwebservice\\app\\Views\\edit-users.php', 15)
 2 SYSTEMPATH\View\View.php(234): include('C:\\laragon\\www\\clientwebservice\\app\\Views\\edit-users.php')
 3 SYSTEMPATH\View\View.php(237): CodeIgniter\View\View->CodeIgniter\View\{closure}()
 4 SYSTEMPATH\Common.php(1171): CodeIgniter\View\View->render('edit-users', [], true)
 5 APPPATH\Controllers\Users.php(81): view('edit-users', [...])
 6 SYSTEMPATH\CodeIgniter.php(933): App\Controllers\Users->edit('1')
 7 SYSTEMPATH\CodeIgniter.php(509): CodeIgniter\CodeIgniter->runController(Object(App\Controllers\Users))
 8 SYSTEMPATH\CodeIgniter.php(355): CodeIgniter\CodeIgniter->handleRequest(null, Object(Config\Cache), false)
 9 SYSTEMPATH\Boot.php(325): CodeIgniter\CodeIgniter->run()
10 SYSTEMPATH\Boot.php(67): CodeIgniter\Boot::runCodeIgniter(Object(CodeIgniter\CodeIgniter))
11 FCPATH\index.php(56): CodeIgniter\Boot::bootWeb(Object(Config\Paths))
12 SYSTEMPATH\rewrite.php(44): require_once('C:\\laragon\\www\\clientwebservice\\public\\index.php')
CRITICAL - 2024-10-10 04:36:52 --> ErrorException: Undefined variable $users
[Method: GET, Route: users/edit/1]
in APPPATH\Views\edit-users.php on line 15.
 1 APPPATH\Views\edit-users.php(15): CodeIgniter\Debug\Exceptions->errorHandler(2, 'Undefined variable $users', 'C:\\laragon\\www\\clientwebservice\\app\\Views\\edit-users.php', 15)
 2 SYSTEMPATH\View\View.php(234): include('C:\\laragon\\www\\clientwebservice\\app\\Views\\edit-users.php')
 3 SYSTEMPATH\View\View.php(237): CodeIgniter\View\View->CodeIgniter\View\{closure}()
 4 SYSTEMPATH\Common.php(1171): CodeIgniter\View\View->render('edit-users', [], true)
 5 APPPATH\Controllers\Users.php(81): view('edit-users', [...])
 6 SYSTEMPATH\CodeIgniter.php(933): App\Controllers\Users->edit('1')
 7 SYSTEMPATH\CodeIgniter.php(509): CodeIgniter\CodeIgniter->runController(Object(App\Controllers\Users))
 8 SYSTEMPATH\CodeIgniter.php(355): CodeIgniter\CodeIgniter->handleRequest(null, Object(Config\Cache), false)
 9 SYSTEMPATH\Boot.php(325): CodeIgniter\CodeIgniter->run()
10 SYSTEMPATH\Boot.php(67): CodeIgniter\Boot::runCodeIgniter(Object(CodeIgniter\CodeIgniter))
11 FCPATH\index.php(56): CodeIgniter\Boot::bootWeb(Object(Config\Paths))
12 SYSTEMPATH\rewrite.php(44): require_once('C:\\laragon\\www\\clientwebservice\\public\\index.php')
INFO - 2024-10-10 04:41:31 --> Session: Class initialized using 'CodeIgniter\Session\Handlers\FileHandler' driver.
INFO - 2024-10-10 04:43:29 --> Session: Class initialized using 'CodeIgniter\Session\Handlers\FileHandler' driver.
INFO - 2024-10-10 04:45:08 --> Session: Class initialized using 'CodeIgniter\Session\Handlers\FileHandler' driver.
INFO - 2024-10-10 04:45:34 --> Session: Class initialized using 'CodeIgniter\Session\Handlers\FileHandler' driver.
INFO - 2024-10-10 04:46:01 --> Session: Class initialized using 'CodeIgniter\Session\Handlers\FileHandler' driver.
INFO - 2024-10-10 04:48:28 --> Session: Class initialized using 'CodeIgniter\Session\Handlers\FileHandler' driver.
INFO - 2024-10-10 04:48:52 --> Session: Class initialized using 'CodeIgniter\Session\Handlers\FileHandler' driver.
INFO - 2024-10-10 04:50:17 --> Session: Class initialized using 'CodeIgniter\Session\Handlers\FileHandler' driver.
INFO - 2024-10-10 04:54:21 --> Session: Class initialized using 'CodeIgniter\Session\Handlers\FileHandler' driver.
INFO - 2024-10-10 04:54:40 --> Session: Class initialized using 'CodeIgniter\Session\Handlers\FileHandler' driver.
INFO - 2024-10-10 04:54:44 --> Session: Class initialized using 'CodeIgniter\Session\Handlers\FileHandler' driver.
INFO - 2024-10-10 04:56:24 --> Session: Class initialized using 'CodeIgniter\Session\Handlers\FileHandler' driver.
INFO - 2024-10-10 04:57:36 --> Session: Class initialized using 'CodeIgniter\Session\Handlers\FileHandler' driver.
INFO - 2024-10-10 04:58:24 --> Session: Class initialized using 'CodeIgniter\Session\Handlers\FileHandler' driver.
INFO - 2024-10-10 04:59:59 --> Session: Class initialized using 'CodeIgniter\Session\Handlers\FileHandler' driver.
INFO - 2024-10-10 05:00:51 --> Session: Class initialized using 'CodeIgniter\Session\Handlers\FileHandler' driver.
INFO - 2024-10-10 05:02:56 --> Session: Class initialized using 'CodeIgniter\Session\Handlers\FileHandler' driver.
INFO - 2024-10-10 05:03:16 --> Session: Class initialized using 'CodeIgniter\Session\Handlers\FileHandler' driver.
INFO - 2024-10-10 05:03:23 --> Session: Class initialized using 'CodeIgniter\Session\Handlers\FileHandler' driver.
INFO - 2024-10-10 05:05:13 --> Session: Class initialized using 'CodeIgniter\Session\Handlers\FileHandler' driver.
INFO - 2024-10-10 05:05:55 --> Session: Class initialized using 'CodeIgniter\Session\Handlers\FileHandler' driver.
CRITICAL - 2024-10-10 05:07:47 --> ParseError: Unmatched '}'
[Method: GET, Route: users/hapus/3]
in APPPATH\Controllers\Users.php on line 147.
 1 SYSTEMPATH\Autoloader\Autoloader.php(296): CodeIgniter\Autoloader\Autoloader->includeFile('C:\\laragon\\www\\clientwebservice\\app\\Controllers\\Users.php')
 2 SYSTEMPATH\Autoloader\Autoloader.php(272): CodeIgniter\Autoloader\Autoloader->loadInNamespace('App\\Controllers\\Users')
 3 [internal function]: CodeIgniter\Autoloader\Autoloader->loadClass('App\\Controllers\\Users')
 4 SYSTEMPATH\CodeIgniter.php(887): class_exists('\\App\\Controllers\\Users', true)
 5 SYSTEMPATH\CodeIgniter.php(496): CodeIgniter\CodeIgniter->startController()
 6 SYSTEMPATH\CodeIgniter.php(355): CodeIgniter\CodeIgniter->handleRequest(null, Object(Config\Cache), false)
 7 SYSTEMPATH\Boot.php(325): CodeIgniter\CodeIgniter->run()
 8 SYSTEMPATH\Boot.php(67): CodeIgniter\Boot::runCodeIgniter(Object(CodeIgniter\CodeIgniter))
 9 FCPATH\index.php(56): CodeIgniter\Boot::bootWeb(Object(Config\Paths))
10 SYSTEMPATH\rewrite.php(44): require_once('C:\\laragon\\www\\clientwebservice\\public\\index.php')
INFO - 2024-10-10 05:08:01 --> Session: Class initialized using 'CodeIgniter\Session\Handlers\FileHandler' driver.
INFO - 2024-10-10 05:08:09 --> Session: Class initialized using 'CodeIgniter\Session\Handlers\FileHandler' driver.
INFO - 2024-10-10 05:09:03 --> Session: Class initialized using 'CodeIgniter\Session\Handlers\FileHandler' driver.
INFO - 2024-10-10 05:09:12 --> Session: Class initialized using 'CodeIgniter\Session\Handlers\FileHandler' driver.
INFO - 2024-10-10 05:15:34 --> Session: Class initialized using 'CodeIgniter\Session\Handlers\FileHandler' driver.
INFO - 2024-10-10 05:16:23 --> Session: Class initialized using 'CodeIgniter\Session\Handlers\FileHandler' driver.
INFO - 2024-10-10 05:16:34 --> Session: Class initialized using 'CodeIgniter\Session\Handlers\FileHandler' driver.
