CRITICAL - 2024-10-03 02:30:51 --> ParseError: syntax error, unexpected token "<<", expecting end of file
[Method: GET, Route: users/tambah]
in APPPATH\Config\Routes.php on line 9.
 1 SYSTEMPATH\CodeIgniter.php(823): CodeIgniter\Router\RouteCollection->loadRoutes()
 2 SYSTEMPATH\CodeIgniter.php(457): CodeIgniter\CodeIgniter->tryToRouteIt(null)
 3 SYSTEMPATH\CodeIgniter.php(355): CodeIgniter\CodeIgniter->handleRequest(null, Object(Config\Cache), false)
 4 SYSTEMPATH\Boot.php(325): CodeIgniter\CodeIgniter->run()
 5 SYSTEMPATH\Boot.php(67): CodeIgniter\Boot::runCodeIgniter(Object(CodeIgniter\CodeIgniter))
 6 FCPATH\index.php(56): CodeIgniter\Boot::bootWeb(Object(Config\Paths))
 7 SYSTEMPATH\rewrite.php(44): require_once('C:\\laragon\\www\\clientwebservice\\public\\index.php')
CRITICAL - 2024-10-03 02:30:53 --> ParseError: syntax error, unexpected token "<<", expecting end of file
[Method: GET, Route: users]
in APPPATH\Config\Routes.php on line 9.
 1 SYSTEMPATH\CodeIgniter.php(823): CodeIgniter\Router\RouteCollection->loadRoutes()
 2 SYSTEMPATH\CodeIgniter.php(457): CodeIgniter\CodeIgniter->tryToRouteIt(null)
 3 SYSTEMPATH\CodeIgniter.php(355): CodeIgniter\CodeIgniter->handleRequest(null, Object(Config\Cache), false)
 4 SYSTEMPATH\Boot.php(325): CodeIgniter\CodeIgniter->run()
 5 SYSTEMPATH\Boot.php(67): CodeIgniter\Boot::runCodeIgniter(Object(CodeIgniter\CodeIgniter))
 6 FCPATH\index.php(56): CodeIgniter\Boot::bootWeb(Object(Config\Paths))
 7 SYSTEMPATH\rewrite.php(44): require_once('C:\\laragon\\www\\clientwebservice\\public\\index.php')
<<<<<<< HEAD
INFO - 2024-10-03 02:51:13 --> Session: Class initialized using 'CodeIgniter\Session\Handlers\FileHandler' driver.
=======
INFO - 2024-10-03 02:46:21 --> Session: Class initialized using 'CodeIgniter\Session\Handlers\FileHandler' driver.
INFO - 2024-10-03 02:46:24 --> Session: Class initialized using 'CodeIgniter\Session\Handlers\FileHandler' driver.
CRITICAL - 2024-10-03 02:47:03 --> CodeIgniter\View\Exceptions\ViewException: Invalid file: "tambah-users.php"
[Method: GET, Route: users/tambah]
in SYSTEMPATH\Exceptions\FrameworkException.php on line 41.
 1 SYSTEMPATH\View\View.php(222): CodeIgniter\Exceptions\FrameworkException::forInvalidFile('tambah-users.php')
 2 SYSTEMPATH\Common.php(1171): CodeIgniter\View\View->render('tambah-users', [], true)
 3 APPPATH\Controllers\Users.php(26): view('tambah-users')
 4 SYSTEMPATH\CodeIgniter.php(933): App\Controllers\Users->tambahUsers()
 5 SYSTEMPATH\CodeIgniter.php(509): CodeIgniter\CodeIgniter->runController(Object(App\Controllers\Users))
 6 SYSTEMPATH\CodeIgniter.php(355): CodeIgniter\CodeIgniter->handleRequest(null, Object(Config\Cache), false)
 7 SYSTEMPATH\Boot.php(325): CodeIgniter\CodeIgniter->run()
 8 SYSTEMPATH\Boot.php(67): CodeIgniter\Boot::runCodeIgniter(Object(CodeIgniter\CodeIgniter))
 9 FCPATH\index.php(56): CodeIgniter\Boot::bootWeb(Object(Config\Paths))
10 SYSTEMPATH\rewrite.php(44): require_once('C:\\laragon\\www\\clientwebservice\\public\\index.php')
CRITICAL - 2024-10-03 02:50:42 --> CodeIgniter\View\Exceptions\ViewException: Invalid file: "tambah-users.php"
[Method: GET, Route: users/tambah]
in SYSTEMPATH\Exceptions\FrameworkException.php on line 41.
 1 SYSTEMPATH\View\View.php(222): CodeIgniter\Exceptions\FrameworkException::forInvalidFile('tambah-users.php')
 2 SYSTEMPATH\Common.php(1171): CodeIgniter\View\View->render('tambah-users', [], true)
 3 APPPATH\Controllers\Users.php(26): view('tambah-users')
 4 SYSTEMPATH\CodeIgniter.php(933): App\Controllers\Users->tambahUsers()
 5 SYSTEMPATH\CodeIgniter.php(509): CodeIgniter\CodeIgniter->runController(Object(App\Controllers\Users))
 6 SYSTEMPATH\CodeIgniter.php(355): CodeIgniter\CodeIgniter->handleRequest(null, Object(Config\Cache), false)
 7 SYSTEMPATH\Boot.php(325): CodeIgniter\CodeIgniter->run()
 8 SYSTEMPATH\Boot.php(67): CodeIgniter\Boot::runCodeIgniter(Object(CodeIgniter\CodeIgniter))
 9 FCPATH\index.php(56): CodeIgniter\Boot::bootWeb(Object(Config\Paths))
10 SYSTEMPATH\rewrite.php(44): require_once('C:\\laragon\\www\\clientwebservice\\public\\index.php')
<<<<<<< HEAD
INFO - 2024-10-03 03:03:46 --> Session: Class initialized using 'CodeIgniter\Session\Handlers\FileHandler' driver.
INFO - 2024-10-03 03:06:15 --> Session: Class initialized using 'CodeIgniter\Session\Handlers\FileHandler' driver.
=======
>>>>>>> 476a417de646cdd879f8ab939bdb1ab5ec7bf04b
>>>>>>> origin
CRITICAL - 2024-10-03 03:20:57 --> ErrorException: Undefined variable $pelanggan
[Method: GET, Route: pelanggan]
in APPPATH\Views\pelanggan.php on line 34.
 1 APPPATH\Views\pelanggan.php(34): CodeIgniter\Debug\Exceptions->errorHandler(2, 'Undefined variable $pelanggan', 'C:\\laragon\\www\\clientwebservice\\app\\Views\\pelanggan.php', 34)
 2 SYSTEMPATH\View\View.php(234): include('C:\\laragon\\www\\clientwebservice\\app\\Views\\pelanggan.php')
 3 SYSTEMPATH\View\View.php(237): CodeIgniter\View\View->CodeIgniter\View\{closure}()
 4 SYSTEMPATH\Common.php(1171): CodeIgniter\View\View->render('pelanggan', [], true)
 5 APPPATH\Controllers\Pelanggan.php(20): view('pelanggan', [...])
 6 SYSTEMPATH\CodeIgniter.php(933): App\Controllers\Pelanggan->index()
 7 SYSTEMPATH\CodeIgniter.php(509): CodeIgniter\CodeIgniter->runController(Object(App\Controllers\Pelanggan))
 8 SYSTEMPATH\CodeIgniter.php(355): CodeIgniter\CodeIgniter->handleRequest(null, Object(Config\Cache), false)
 9 SYSTEMPATH\Boot.php(325): CodeIgniter\CodeIgniter->run()
10 SYSTEMPATH\Boot.php(67): CodeIgniter\Boot::runCodeIgniter(Object(CodeIgniter\CodeIgniter))
11 FCPATH\index.php(56): CodeIgniter\Boot::bootWeb(Object(Config\Paths))
12 SYSTEMPATH\rewrite.php(44): require_once('C:\\laragon\\www\\clientwebservice\\public\\index.php')
INFO - 2024-10-03 03:29:50 --> Session: Class initialized using 'CodeIgniter\Session\Handlers\FileHandler' driver.
INFO - 2024-10-03 04:07:27 --> Session: Class initialized using 'CodeIgniter\Session\Handlers\FileHandler' driver.
INFO - 2024-10-03 04:08:03 --> Session: Class initialized using 'CodeIgniter\Session\Handlers\FileHandler' driver.
CRITICAL - 2024-10-03 04:14:24 --> ErrorException: Undefined variable $users
[Method: GET, Route: users]
in APPPATH\Views\tampil-users.php on line 35.
 1 APPPATH\Views\tampil-users.php(35): CodeIgniter\Debug\Exceptions->errorHandler(2, 'Undefined variable $users', 'C:\\laragon\\www\\clientwebservice\\app\\Views\\tampil-users.php', 35)
 2 SYSTEMPATH\View\View.php(234): include('C:\\laragon\\www\\clientwebservice\\app\\Views\\tampil-users.php')
 3 SYSTEMPATH\View\View.php(237): CodeIgniter\View\View->CodeIgniter\View\{closure}()
 4 SYSTEMPATH\Common.php(1171): CodeIgniter\View\View->render('tampil-users', [], true)
 5 APPPATH\Controllers\Users.php(20): view('tampil-users', [...])
 6 SYSTEMPATH\CodeIgniter.php(933): App\Controllers\Users->index()
 7 SYSTEMPATH\CodeIgniter.php(509): CodeIgniter\CodeIgniter->runController(Object(App\Controllers\Users))
 8 SYSTEMPATH\CodeIgniter.php(355): CodeIgniter\CodeIgniter->handleRequest(null, Object(Config\Cache), false)
 9 SYSTEMPATH\Boot.php(325): CodeIgniter\CodeIgniter->run()
10 SYSTEMPATH\Boot.php(67): CodeIgniter\Boot::runCodeIgniter(Object(CodeIgniter\CodeIgniter))
11 FCPATH\index.php(56): CodeIgniter\Boot::bootWeb(Object(Config\Paths))
12 SYSTEMPATH\rewrite.php(44): require_once('C:\\laragon\\www\\clientwebservice\\public\\index.php')
CRITICAL - 2024-10-03 04:16:12 --> ErrorException: Undefined variable $users
[Method: GET, Route: users]
in APPPATH\Views\tampil-users.php on line 35.
 1 APPPATH\Views\tampil-users.php(35): CodeIgniter\Debug\Exceptions->errorHandler(2, 'Undefined variable $users', 'C:\\laragon\\www\\clientwebservice\\app\\Views\\tampil-users.php', 35)
 2 SYSTEMPATH\View\View.php(234): include('C:\\laragon\\www\\clientwebservice\\app\\Views\\tampil-users.php')
 3 SYSTEMPATH\View\View.php(237): CodeIgniter\View\View->CodeIgniter\View\{closure}()
 4 SYSTEMPATH\Common.php(1171): CodeIgniter\View\View->render('tampil-users', [], true)
 5 APPPATH\Controllers\Users.php(20): view('tampil-users', [...])
 6 SYSTEMPATH\CodeIgniter.php(933): App\Controllers\Users->index()
 7 SYSTEMPATH\CodeIgniter.php(509): CodeIgniter\CodeIgniter->runController(Object(App\Controllers\Users))
 8 SYSTEMPATH\CodeIgniter.php(355): CodeIgniter\CodeIgniter->handleRequest(null, Object(Config\Cache), false)
 9 SYSTEMPATH\Boot.php(325): CodeIgniter\CodeIgniter->run()
10 SYSTEMPATH\Boot.php(67): CodeIgniter\Boot::runCodeIgniter(Object(CodeIgniter\CodeIgniter))
11 FCPATH\index.php(56): CodeIgniter\Boot::bootWeb(Object(Config\Paths))
12 SYSTEMPATH\rewrite.php(44): require_once('C:\\laragon\\www\\clientwebservice\\public\\index.php')
CRITICAL - 2024-10-03 04:17:07 --> ErrorException: Undefined variable $users
[Method: GET, Route: users]
in APPPATH\Views\tampil-users.php on line 35.
 1 APPPATH\Views\tampil-users.php(35): CodeIgniter\Debug\Exceptions->errorHandler(2, 'Undefined variable $users', 'C:\\laragon\\www\\clientwebservice\\app\\Views\\tampil-users.php', 35)
 2 SYSTEMPATH\View\View.php(234): include('C:\\laragon\\www\\clientwebservice\\app\\Views\\tampil-users.php')
 3 SYSTEMPATH\View\View.php(237): CodeIgniter\View\View->CodeIgniter\View\{closure}()
 4 SYSTEMPATH\Common.php(1171): CodeIgniter\View\View->render('tampil-users', [], true)
 5 APPPATH\Controllers\Users.php(20): view('tampil-users', [...])
 6 SYSTEMPATH\CodeIgniter.php(933): App\Controllers\Users->index()
 7 SYSTEMPATH\CodeIgniter.php(509): CodeIgniter\CodeIgniter->runController(Object(App\Controllers\Users))
 8 SYSTEMPATH\CodeIgniter.php(355): CodeIgniter\CodeIgniter->handleRequest(null, Object(Config\Cache), false)
 9 SYSTEMPATH\Boot.php(325): CodeIgniter\CodeIgniter->run()
10 SYSTEMPATH\Boot.php(67): CodeIgniter\Boot::runCodeIgniter(Object(CodeIgniter\CodeIgniter))
11 FCPATH\index.php(56): CodeIgniter\Boot::bootWeb(Object(Config\Paths))
12 SYSTEMPATH\rewrite.php(44): require_once('C:\\laragon\\www\\clientwebservice\\public\\index.php')
