CRITICAL - 2024-09-26 01:48:34 --> CodeIgniter\View\Exceptions\ViewException: Invalid file: "tampil-barang.php"
[Method: GET, Route: barang]
in SYSTEMPATH\Exceptions\FrameworkException.php on line 41.
 1 SYSTEMPATH\View\View.php(222): CodeIgniter\Exceptions\FrameworkException::forInvalidFile('tampil-barang.php')
 2 SYSTEMPATH\Common.php(1171): CodeIgniter\View\View->render('tampil-barang', [], true)
 3 APPPATH\Controllers\Barang.php(22): view('tampil-barang', [...])
 4 SYSTEMPATH\CodeIgniter.php(933): App\Controllers\Barang->index()
 5 SYSTEMPATH\CodeIgniter.php(509): CodeIgniter\CodeIgniter->runController(Object(App\Controllers\Barang))
 6 SYSTEMPATH\CodeIgniter.php(355): CodeIgniter\CodeIgniter->handleRequest(null, Object(Config\Cache), false)
 7 SYSTEMPATH\Boot.php(325): CodeIgniter\CodeIgniter->run()
 8 SYSTEMPATH\Boot.php(67): CodeIgniter\Boot::runCodeIgniter(Object(CodeIgniter\CodeIgniter))
 9 FCPATH\index.php(56): CodeIgniter\Boot::bootWeb(Object(Config\Paths))
10 SYSTEMPATH\rewrite.php(44): require_once('C:\\laragon\\www\\kelompokclient\\public\\index.php')
CRITICAL - 2024-09-26 04:20:33 --> ErrorException: Undefined array key "nama"
[Method: GET, Route: pelanggan]
in APPPATH\Views\tampil-pelanggan.php on line 48.
 1 APPPATH\Views\tampil-pelanggan.php(48): CodeIgniter\Debug\Exceptions->errorHandler(2, 'Undefined array key "nama"', 'C:\\laragon\\www\\kelompokclient\\app\\Views\\tampil-pelanggan.php', 48)
 2 SYSTEMPATH\View\View.php(234): include('C:\\laragon\\www\\kelompokclient\\app\\Views\\tampil-pelanggan.php')
 3 SYSTEMPATH\View\View.php(237): CodeIgniter\View\View->CodeIgniter\View\{closure}()
 4 SYSTEMPATH\Common.php(1171): CodeIgniter\View\View->render('tampil-pelanggan', [], true)
 5 APPPATH\Controllers\Pelanggan.php(24): view('tampil-pelanggan', [...])
 6 SYSTEMPATH\CodeIgniter.php(933): App\Controllers\Pelanggan->index()
 7 SYSTEMPATH\CodeIgniter.php(509): CodeIgniter\CodeIgniter->runController(Object(App\Controllers\Pelanggan))
 8 SYSTEMPATH\CodeIgniter.php(355): CodeIgniter\CodeIgniter->handleRequest(null, Object(Config\Cache), false)
 9 SYSTEMPATH\Boot.php(325): CodeIgniter\CodeIgniter->run()
10 SYSTEMPATH\Boot.php(67): CodeIgniter\Boot::runCodeIgniter(Object(CodeIgniter\CodeIgniter))
11 FCPATH\index.php(56): CodeIgniter\Boot::bootWeb(Object(Config\Paths))
12 SYSTEMPATH\rewrite.php(44): require_once('C:\\laragon\\www\\kelompokclient\\public\\index.php')
CRITICAL - 2024-09-26 04:22:47 --> ErrorException: Undefined array key "nama"
[Method: GET, Route: pelanggan]
in APPPATH\Views\tampil-pelanggan.php on line 48.
 1 APPPATH\Views\tampil-pelanggan.php(48): CodeIgniter\Debug\Exceptions->errorHandler(2, 'Undefined array key "nama"', 'C:\\laragon\\www\\kelompokclient\\app\\Views\\tampil-pelanggan.php', 48)
 2 SYSTEMPATH\View\View.php(234): include('C:\\laragon\\www\\kelompokclient\\app\\Views\\tampil-pelanggan.php')
 3 SYSTEMPATH\View\View.php(237): CodeIgniter\View\View->CodeIgniter\View\{closure}()
 4 SYSTEMPATH\Common.php(1171): CodeIgniter\View\View->render('tampil-pelanggan', [], true)
 5 APPPATH\Controllers\Pelanggan.php(24): view('tampil-pelanggan', [...])
 6 SYSTEMPATH\CodeIgniter.php(933): App\Controllers\Pelanggan->index()
 7 SYSTEMPATH\CodeIgniter.php(509): CodeIgniter\CodeIgniter->runController(Object(App\Controllers\Pelanggan))
 8 SYSTEMPATH\CodeIgniter.php(355): CodeIgniter\CodeIgniter->handleRequest(null, Object(Config\Cache), false)
 9 SYSTEMPATH\Boot.php(325): CodeIgniter\CodeIgniter->run()
10 SYSTEMPATH\Boot.php(67): CodeIgniter\Boot::runCodeIgniter(Object(CodeIgniter\CodeIgniter))
11 FCPATH\index.php(56): CodeIgniter\Boot::bootWeb(Object(Config\Paths))
12 SYSTEMPATH\rewrite.php(44): require_once('C:\\laragon\\www\\kelompokclient\\public\\index.php')
